\BOOKMARK [1][-]{naslov.1}{\376\377\000N\000a\000s\000l\000o\000v}{}% 1
\BOOKMARK [1][-]{Kazalo.1}{\376\377\000K\000a\000z\000a\000l\000o}{}% 2
\BOOKMARK [1][-]{section.1}{\376\377\0001\000\040\000U\000v\000o\000d\000\040\000i\000n\000\040\000m\000o\000t\000i\000v\000a\000c\000i\000j\000a}{}% 3
\BOOKMARK [1][-]{section.2}{\376\377\0002\000\040\000O\000p\000i\000s\000\040\000u\000p\000o\000r\000a\000b\000l\000j\000e\000n\000e\000\040\000s\000t\000r\000o\000j\000n\000e\000\040\000i\000n\000\040\000p\000r\000o\000g\000r\000a\000m\000s\000k\000e\000\040\000o\000p\000r\000e\000m\000e}{}% 4
\BOOKMARK [1][-]{section.3}{\376\377\0003\000\040\000T\000i\000p\000i\000\040\000n\000a\000p\000a\000d\000o\000v\000\040\000n\000a\000\040\000b\000l\000u\000e\000t\000o\000o\000t\000h\000\040\000n\000a\000p\000r\000a\000v\000e}{}% 5
\BOOKMARK [2][-]{subsection.3.1}{\376\377\0003\000.\0001\000\040\000B\000l\000u\000e\000S\000n\000a\000r\000f\000i\000n\000g}{section.3}% 6
\BOOKMARK [2][-]{subsection.3.2}{\376\377\0003\000.\0002\000\040\000M\000A\000C\000\040\000a\000d\000d\000r\000e\000s\000s\000\040\000s\000p\000o\000o\000f\000i\000n\000g}{section.3}% 7
\BOOKMARK [2][-]{subsection.3.3}{\376\377\0003\000.\0003\000\040\000B\000l\000u\000e\000B\000o\000r\000n\000e}{section.3}% 8
\BOOKMARK [2][-]{subsection.3.4}{\376\377\0003\000.\0004\000\040\000R\000e\000f\000l\000e\000c\000t\000i\000o\000n\000\040\000A\000t\000t\000a\000c\000k}{section.3}% 9
\BOOKMARK [2][-]{subsection.3.5}{\376\377\0003\000.\0005\000\040\000D\000e\000n\000i\000a\000l\000\040\000o\000f\000\040\000S\000e\000r\000v\000i\000c\000e\000\040\000\050\000D\000o\000S\000\051}{section.3}% 10
\BOOKMARK [2][-]{subsection.3.6}{\376\377\0003\000.\0006\000\040\000B\000l\000u\000e\000j\000a\000c\000k\000i\000n\000g}{section.3}% 11
\BOOKMARK [2][-]{subsection.3.7}{\376\377\0003\000.\0007\000\040\000B\000l\000u\000e\000s\000m\000a\000c\000k\000i\000n\000g}{section.3}% 12
\BOOKMARK [2][-]{subsection.3.8}{\376\377\0003\000.\0008\000\040\000P\000I\000N\000\040\000B\000r\000u\000t\000e\000\040\000F\000o\000r\000c\000e}{section.3}% 13
\BOOKMARK [1][-]{section.4}{\376\377\0004\000\040\000E\000k\000s\000p\000e\000r\000i\000m\000e\000n\000t\000a\000l\000n\000a\000\040\000a\000n\000a\000l\000i\000z\000a\000\040\000B\000l\000u\000e\000t\000o\000o\000t\000h\000\040\000n\000a\000p\000a\000d\000o\000v}{}% 14
\BOOKMARK [2][-]{subsection.4.1}{\376\377\0004\000.\0001\000\040\000H\000c\000i\000t\000o\000o\000l}{section.4}% 15
\BOOKMARK [2][-]{subsection.4.2}{\376\377\0004\000.\0002\000\040\000B\000l\000u\000e\000t\000o\000o\000t\000h\000c\000t\000l}{section.4}% 16
\BOOKMARK [2][-]{subsection.4.3}{\376\377\0004\000.\0003\000\040\000S\000d\000p\000t\000o\000o\000l}{section.4}% 17
\BOOKMARK [2][-]{subsection.4.4}{\376\377\0004\000.\0004\000\040\001\140\000e\000\040\000n\000e\000k\000a\000j\000\040\000o\000s\000n\000o\000v\000n\000i\000h\000\040\000u\000k\000a\000z\000o\000v}{section.4}% 18
\BOOKMARK [2][-]{subsection.4.5}{\376\377\0004\000.\0005\000\040\000C\000V\000E\000-\0002\0000\0002\0003\000-\0004\0005\0008\0006\0006}{section.4}% 19
\BOOKMARK [3][-]{subsubsection.4.5.1}{\376\377\0004\000.\0005\000.\0001\000\040\000R\000e\000z\000u\000l\000t\000a\000t\000i\000\040\000t\000e\000s\000t\000i\000r\000a\000n\000j\000a}{subsection.4.5}% 20
\BOOKMARK [3][-]{subsubsection.4.5.2}{\376\377\0004\000.\0005\000.\0002\000\040\000U\000g\000o\000t\000o\000v\000i\000t\000v\000e}{subsection.4.5}% 21
\BOOKMARK [2][-]{subsection.4.6}{\376\377\0004\000.\0006\000\040\000D\000e\000n\000i\000a\000l\000\040\000o\000f\000\040\000S\000e\000r\000v\000i\000c\000e\000\040\000\050\000D\000o\000S\000\051}{section.4}% 22
\BOOKMARK [1][-]{section.5}{\376\377\0005\000\040\000Z\000a\000k\000l\000j\000u\001\015\000e\000k}{}% 23
